Build started 4/22/2012 7:28:00 PM.
     1>Project "C:\Users\rboorgapally\documents\visual studio 2010\Projects\uBLAS_Extended\uBLAS_Extended\uBLAS_Extended.vcxproj" on node 2 (rebuild target(s)).
     1>_PrepareForClean:
         Deleting file "Debug\uBLAS_Extended.lastbuildstate".
       InitializeBuildStatus:
         Touching "Debug\uBLAS_Extended.unsuccessfulbuild".
       GenerateTargetFrameworkMonikerAttribute:
       Skipping target "GenerateTargetFrameworkMonikerAttribute" because all output files are up-to-date with respect to the input files.
       ClCompile:
         c:\Program Files (x86)\Microsoft Visual Studio 10.0\VC\bin\CL.exe /c /AI"C:\Program Files (x86)\Reference Assemblies\Microsoft\Framework\.NETFramework\v4.0" /Zi /clr /nologo /W3 /WX- /Od /Oy- /D WIN32 /D _DEBUG /D _WINDLL /D _UNICODE /D UNICODE /EHa /MDd /GS /fp:precise /Zc:wchar_t /Zc:forScope /Yc"StdAfx.h" /Fp"Debug\uBLAS_Extended.pch" /Fo"Debug\\" /Fd"Debug\vc100.pdb" /TP /FU"C:\Program Files (x86)\Reference Assemblies\Microsoft\Framework\.NETFramework\v4.0\System.Core.dll" /FU"C:\Program Files (x86)\Reference Assemblies\Microsoft\Framework\.NETFramework\v4.0\System.Data.dll" /FU"C:\Program Files (x86)\Reference Assemblies\Microsoft\Framework\.NETFramework\v4.0\System.dll" /FU"C:\Program Files (x86)\Reference Assemblies\Microsoft\Framework\.NETFramework\v4.0\System.Xml.dll" /analyze- /errorReport:prompt Stdafx.cpp /clr:nostdlib 
         Stdafx.cpp
         c:\Program Files (x86)\Microsoft Visual Studio 10.0\VC\bin\CL.exe /c /AI"C:\Program Files (x86)\Reference Assemblies\Microsoft\Framework\.NETFramework\v4.0" /Zi /clr /nologo /W3 /WX- /Od /Oy- /D WIN32 /D _DEBUG /D _WINDLL /D _UNICODE /D UNICODE /EHa /MDd /GS /fp:precise /Zc:wchar_t /Zc:forScope /Yu"StdAfx.h" /Fp"Debug\uBLAS_Extended.pch" /Fo"Debug\\" /Fd"Debug\vc100.pdb" /TP /FU"C:\Program Files (x86)\Reference Assemblies\Microsoft\Framework\.NETFramework\v4.0\System.Core.dll" /FU"C:\Program Files (x86)\Reference Assemblies\Microsoft\Framework\.NETFramework\v4.0\System.Data.dll" /FU"C:\Program Files (x86)\Reference Assemblies\Microsoft\Framework\.NETFramework\v4.0\System.dll" /FU"C:\Program Files (x86)\Reference Assemblies\Microsoft\Framework\.NETFramework\v4.0\System.Xml.dll" /analyze- /errorReport:prompt AssemblyInfo.cpp Test_Matrix_Binary_Operations.cpp Test_Matrix_Reshape.cpp Test_Matrix_Tile.cpp Test_Matrix_Unary_Operations.cpp Test_Vector_Binary_Operations.cpp Test_Vector_Reshape.cpp Test_Vector_Tile.cpp Test_Vector_Unary_Returning_Scalar.cpp Test_Vector_Unary_Returning_Vector.cpp uBLAS_Extended.cpp /clr:nostdlib 
         AssemblyInfo.cpp
         Test_Matrix_Binary_Operations.cpp
         Test_Matrix_Reshape.cpp
         Test_Matrix_Tile.cpp
         Test_Matrix_Unary_Operations.cpp
         Test_Vector_Binary_Operations.cpp
         Test_Vector_Reshape.cpp
         Test_Vector_Tile.cpp
         Test_Vector_Unary_Returning_Scalar.cpp
         Test_Vector_Unary_Returning_Vector.cpp
         uBLAS_Extended.cpp
         Generating Code...
         c:\Program Files (x86)\Microsoft Visual Studio 10.0\VC\bin\CL.exe /c /Zi /clr /nologo /W3 /WX- /Od /Oy- /D WIN32 /D _DEBUG /D _WINDLL /D _UNICODE /D UNICODE /EHa /MDd /GS /fp:precise /Zc:wchar_t /Zc:forScope /Fo"Debug\\" /Fd"Debug\vc100.pdb" /TP /analyze- /errorReport:prompt "C:\Users\rboorgapally\AppData\Local\Temp\.NETFramework,Version=v4.0.AssemblyAttributes.cpp"
         .NETFramework,Version=v4.0.AssemblyAttributes.cpp
       ResourceCompile:
         C:\Program Files (x86)\Microsoft SDKs\Windows\v7.0A\bin\rc.exe /D _UNICODE /D UNICODE /l"0x0409" /nologo /fo"Debug\app.res" app.rc 
       Link:
         c:\Program Files (x86)\Microsoft Visual Studio 10.0\VC\bin\link.exe /ERRORREPORT:PROMPT /OUT:"C:\Users\rboorgapally\documents\visual studio 2010\Projects\uBLAS_Extended\Debug\uBLAS_Extended.dll" /INCREMENTAL /NOLOGO /MANIFEST /ManifestFile:"Debug\uBLAS_Extended.dll.intermediate.manifest" /MANIFESTUAC:"level='asInvoker' uiAccess='false'" /DEBUG /PDB:"C:\Users\rboorgapally\documents\visual studio 2010\Projects\uBLAS_Extended\Debug\uBLAS_Extended.pdb" /ASSEMBLYDEBUG /TLBID:1 /DYNAMICBASE /FIXED:NO /NXCOMPAT /MACHINE:X86 /DLL Debug\app.res
         Debug\AssemblyInfo.obj
         Debug\Stdafx.obj
         Debug\Test_Matrix_Binary_Operations.obj
         Debug\Test_Matrix_Reshape.obj
         Debug\Test_Matrix_Tile.obj
         Debug\Test_Matrix_Unary_Operations.obj
         Debug\Test_Vector_Binary_Operations.obj
         Debug\Test_Vector_Reshape.obj
         Debug\Test_Vector_Tile.obj
         Debug\Test_Vector_Unary_Returning_Scalar.obj
         Debug\Test_Vector_Unary_Returning_Vector.obj
         Debug\uBLAS_Extended.obj
         "Debug\.NETFramework,Version=v4.0.AssemblyAttributes.obj"
         uBLAS_Extended.vcxproj -> C:\Users\rboorgapally\documents\visual studio 2010\Projects\uBLAS_Extended\Debug\uBLAS_Extended.dll
       Manifest:
         C:\Program Files (x86)\Microsoft SDKs\Windows\v7.0A\bin\mt.exe /nologo /verbose /outputresource:"C:\Users\rboorgapally\documents\visual studio 2010\Projects\uBLAS_Extended\Debug\uBLAS_Extended.dll;#2" /manifest Debug\uBLAS_Extended.dll.intermediate.manifest
       FinalizeBuildStatus:
         Deleting file "Debug\uBLAS_Extended.unsuccessfulbuild".
         Touching "Debug\uBLAS_Extended.lastbuildstate".
     1>Done Building Project "C:\Users\rboorgapally\documents\visual studio 2010\Projects\uBLAS_Extended\uBLAS_Extended\uBLAS_Extended.vcxproj" (rebuild target(s)).

Build succeeded.

Time Elapsed 00:00:40.26
