C:\USERS\RBOORGAPALLY\DOCUMENTS\VISUAL STUDIO 2010\PROJECTS\UBLAS_EXTENDED\UBLAS_EXTENDED\DEBUG\ASSEMBLYINFO.OBJ
C:\Users\rboorgapally\documents\visual studio 2010\Projects\uBLAS_Extended\uBLAS_Extended\Debug\cl.command.1.tlog
C:\Users\rboorgapally\documents\visual studio 2010\Projects\uBLAS_Extended\uBLAS_Extended\Debug\CL.read.1.tlog
C:\Users\rboorgapally\documents\visual studio 2010\Projects\uBLAS_Extended\uBLAS_Extended\Debug\CL.write.1.tlog
C:\Users\rboorgapally\documents\visual studio 2010\Projects\uBLAS_Extended\uBLAS_Extended\Debug\metagen.write.1.tlog
C:\USERS\RBOORGAPALLY\DOCUMENTS\VISUAL STUDIO 2010\PROJECTS\UBLAS_EXTENDED\UBLAS_EXTENDED\DEBUG\STDAFX.OBJ
C:\USERS\RBOORGAPALLY\DOCUMENTS\VISUAL STUDIO 2010\PROJECTS\UBLAS_EXTENDED\UBLAS_EXTENDED\DEBUG\TEST_MATRIX_BINARY_OPERATIONS.OBJ
C:\USERS\RBOORGAPALLY\DOCUMENTS\VISUAL STUDIO 2010\PROJECTS\UBLAS_EXTENDED\UBLAS_EXTENDED\DEBUG\TEST_MATRIX_RESHAPE.OBJ
C:\USERS\RBOORGAPALLY\DOCUMENTS\VISUAL STUDIO 2010\PROJECTS\UBLAS_EXTENDED\UBLAS_EXTENDED\DEBUG\TEST_MATRIX_TILE.OBJ
C:\USERS\RBOORGAPALLY\DOCUMENTS\VISUAL STUDIO 2010\PROJECTS\UBLAS_EXTENDED\UBLAS_EXTENDED\DEBUG\TEST_MATRIX_UNARY_OPERATIONS.OBJ
C:\USERS\RBOORGAPALLY\DOCUMENTS\VISUAL STUDIO 2010\PROJECTS\UBLAS_EXTENDED\UBLAS_EXTENDED\DEBUG\TEST_VECTOR_BINARY_OPERATIONS.OBJ
C:\USERS\RBOORGAPALLY\DOCUMENTS\VISUAL STUDIO 2010\PROJECTS\UBLAS_EXTENDED\UBLAS_EXTENDED\DEBUG\TEST_VECTOR_RESHAPE.OBJ
C:\USERS\RBOORGAPALLY\DOCUMENTS\VISUAL STUDIO 2010\PROJECTS\UBLAS_EXTENDED\UBLAS_EXTENDED\DEBUG\TEST_VECTOR_TILE.OBJ
C:\USERS\RBOORGAPALLY\DOCUMENTS\VISUAL STUDIO 2010\PROJECTS\UBLAS_EXTENDED\UBLAS_EXTENDED\DEBUG\TEST_VECTOR_UNARY_RETURNING_SCALAR.OBJ
C:\USERS\RBOORGAPALLY\DOCUMENTS\VISUAL STUDIO 2010\PROJECTS\UBLAS_EXTENDED\UBLAS_EXTENDED\DEBUG\TEST_VECTOR_UNARY_RETURNING_VECTOR.OBJ
C:\USERS\RBOORGAPALLY\DOCUMENTS\VISUAL STUDIO 2010\PROJECTS\UBLAS_EXTENDED\UBLAS_EXTENDED\DEBUG\UBLAS_EXTENDED.OBJ
C:\USERS\RBOORGAPALLY\DOCUMENTS\VISUAL STUDIO 2010\PROJECTS\UBLAS_EXTENDED\UBLAS_EXTENDED\DEBUG\UBLAS_EXTENDED.PCH
C:\Users\rboorgapally\documents\visual studio 2010\Projects\uBLAS_Extended\uBLAS_Extended\Debug\uBLAS_Extended.vcxprojResolveAssemblyReference.cache
C:\Users\rboorgapally\documents\visual studio 2010\Projects\uBLAS_Extended\uBLAS_Extended\Debug\uBLAS_Extended.write.1.tlog
C:\USERS\RBOORGAPALLY\DOCUMENTS\VISUAL STUDIO 2010\PROJECTS\UBLAS_EXTENDED\UBLAS_EXTENDED\DEBUG\VC100.PDB
